--------------- Build Started: 03/25/2020 00:43:38 Project: ResearchDesign, Configuration: ARM GCC 5.4-2016-q2-update Debug ---------------
cydsfit.exe -.appdatapath "C:\Users\Any\AppData\Local\Cypress Semiconductor\PSoC Creator\4.3" -.fdsnotice -.fdswarpdepfile=warp_dependencies.txt -.fdselabdepfile=elab_dependencies.txt -.fdsbldfile=generated_files.txt -.fdsreffile=referenced_files.txt -p C:\Users\Any\Documents\GitHub\Fonseca.Camarena.Jonathan.8-A\Dinamica.de.Robots\Proyecto\PsocRos\psoc\ResearchDesign.cydsn\ResearchDesign.cyprj -d CY8C5888LTI-LP097 -s C:\Users\Any\Documents\GitHub\Fonseca.Camarena.Jonathan.8-A\Dinamica.de.Robots\Proyecto\PsocRos\psoc\ResearchDesign.cydsn\Generated_Source\PSoC5 -- -yv2 -q10 -ygs -o2 -v3 -.fftcfgtype=LE
Elaborating Design...
HDL Generation...
Synthesis...
Tech Mapping...
Analog Placement...
Analog Routing...
Analog Code Generation...
Digital Placement...
Digital Routing...
Bitstream Generation...
Bitstream Verification...
Static timing analysis...
API Generation...
Dependency Generation...
Cleanup...
arm-none-eabi-gcc.exe -mcpu=cortex-m3 -mthumb -I. -IGenerated_Source\PSoC5 -Wa,-alh=.\CortexM3\ARM_GCC_541\Debug/main.lst -g -D DEBUG -D CY_CORE_ID=0 -Wall -ffunction-sections -ffat-lto-objects -Og -c main.c -o .\CortexM3\ARM_GCC_541\Debug\main.o
arm-none-eabi-gcc.exe -mcpu=cortex-m3 -mthumb -I. -IGenerated_Source\PSoC5 -Wa,-alh=.\CortexM3\ARM_GCC_541\Debug/HolaMundo.lst -g -D DEBUG -D CY_CORE_ID=0 -Wall -ffunction-sections -ffat-lto-objects -Og -c HolaMundo.c -o .\CortexM3\ARM_GCC_541\Debug\HolaMundo.o
HolaMundo.c: In function 'UART_Command_Parser':
HolaMundo.c:95:11: warning: unused variable 'num_filled' [-Wunused-variable]
     uint8 num_filled;
           ^
arm-none-eabi-ar.exe -rs .\CortexM3\ARM_GCC_541\Debug\ResearchDesign.a .\CortexM3\ARM_GCC_541\Debug\Pin_Encoder_2.o .\CortexM3\ARM_GCC_541\Debug\UART.o .\CortexM3\ARM_GCC_541\Debug\UART_PM.o .\CortexM3\ARM_GCC_541\Debug\UART_INT.o .\CortexM3\ARM_GCC_541\Debug\UART_BOOT.o .\CortexM3\ARM_GCC_541\Debug\PWM_2.o .\CortexM3\ARM_GCC_541\Debug\PWM_2_PM.o .\CortexM3\ARM_GCC_541\Debug\Pin_PWM_2.o .\CortexM3\ARM_GCC_541\Debug\Clock_Timer.o .\CortexM3\ARM_GCC_541\Debug\Timer.o .\CortexM3\ARM_GCC_541\Debug\Timer_PM.o .\CortexM3\ARM_GCC_541\Debug\isr_Timer.o .\CortexM3\ARM_GCC_541\Debug\isr_UART.o .\CortexM3\ARM_GCC_541\Debug\Pin_Encoder_1.o .\CortexM3\ARM_GCC_541\Debug\PWM_1.o .\CortexM3\ARM_GCC_541\Debug\PWM_1_PM.o .\CortexM3\ARM_GCC_541\Debug\Clock_PWM.o .\CortexM3\ARM_GCC_541\Debug\Pin_PWM_1.o .\CortexM3\ARM_GCC_541\Debug\Pin_Encoder_3.o .\CortexM3\ARM_GCC_541\Debug\Pin_Encoder_4.o .\CortexM3\ARM_GCC_541\Debug\PWM_3.o .\CortexM3\ARM_GCC_541\Debug\PWM_3_PM.o .\CortexM3\ARM_GCC_541\Debug\Pin_PWM_3.o .\CortexM3\ARM_GCC_541\Debug\PWM_4.o .\CortexM3\ARM_GCC_541\Debug\PWM_4_PM.o .\CortexM3\ARM_GCC_541\Debug\Pin_PWM_4.o .\CortexM3\ARM_GCC_541\Debug\Pin_Encoder_2_2.o .\CortexM3\ARM_GCC_541\Debug\QuadDec_Motor2.o .\CortexM3\ARM_GCC_541\Debug\QuadDec_Motor2_INT.o .\CortexM3\ARM_GCC_541\Debug\QuadDec_Motor2_PM.o .\CortexM3\ARM_GCC_541\Debug\Pin_Encoder_1_2.o .\CortexM3\ARM_GCC_541\Debug\QuadDec_Motor1.o .\CortexM3\ARM_GCC_541\Debug\QuadDec_Motor1_INT.o .\CortexM3\ARM_GCC_541\Debug\QuadDec_Motor1_PM.o .\CortexM3\ARM_GCC_541\Debug\Clock_Quad.o .\CortexM3\ARM_GCC_541\Debug\Pin_Encoder_4_2.o .\CortexM3\ARM_GCC_541\Debug\QuadDec_Motor4.o .\CortexM3\ARM_GCC_541\Debug\QuadDec_Motor4_INT.o .\CortexM3\ARM_GCC_541\Debug\QuadDec_Motor4_PM.o .\CortexM3\ARM_GCC_541\Debug\Pin_Encoder_3_2.o .\CortexM3\ARM_GCC_541\Debug\QuadDec_Motor3.o .\CortexM3\ARM_GCC_541\Debug\QuadDec_Motor3_INT.o .\CortexM3\ARM_GCC_541\Debug\QuadDec_Motor3_PM.o .\CortexM3\ARM_GCC_541\Debug\UART_IntClock.o .\CortexM3\ARM_GCC_541\Debug\QuadDec_Motor2_isr.o .\CortexM3\ARM_GCC_541\Debug\QuadDec_Motor2_Cnt16.o .\CortexM3\ARM_GCC_541\Debug\QuadDec_Motor2_Cnt16_PM.o .\CortexM3\ARM_GCC_541\Debug\QuadDec_Motor1_isr.o .\CortexM3\ARM_GCC_541\Debug\QuadDec_Motor1_Cnt16.o .\CortexM3\ARM_GCC_541\Debug\QuadDec_Motor1_Cnt16_PM.o .\CortexM3\ARM_GCC_541\Debug\QuadDec_Motor4_isr.o .\CortexM3\ARM_GCC_541\Debug\QuadDec_Motor4_Cnt16.o .\CortexM3\ARM_GCC_541\Debug\QuadDec_Motor4_Cnt16_PM.o .\CortexM3\ARM_GCC_541\Debug\QuadDec_Motor3_isr.o .\CortexM3\ARM_GCC_541\Debug\QuadDec_Motor3_Cnt16.o .\CortexM3\ARM_GCC_541\Debug\QuadDec_Motor3_Cnt16_PM.o .\CortexM3\ARM_GCC_541\Debug\CyDmac.o .\CortexM3\ARM_GCC_541\Debug\CyFlash.o .\CortexM3\ARM_GCC_541\Debug\CyLib.o .\CortexM3\ARM_GCC_541\Debug\cyPm.o .\CortexM3\ARM_GCC_541\Debug\CySpc.o .\CortexM3\ARM_GCC_541\Debug\cyutils.o .\CortexM3\ARM_GCC_541\Debug\cy_em_eeprom.o .\CortexM3\ARM_GCC_541\Debug\CyBootAsmGnu.o
arm-none-eabi-ar.exe: creating .\CortexM3\ARM_GCC_541\Debug\ResearchDesign.a
arm-none-eabi-gcc.exe -Wl,--start-group -o C:\Users\Any\Documents\GitHub\Fonseca.Camarena.Jonathan.8-A\Dinamica.de.Robots\Proyecto\PsocRos\psoc\ResearchDesign.cydsn\CortexM3\ARM_GCC_541\Debug\ResearchDesign.elf .\CortexM3\ARM_GCC_541\Debug\main.o .\CortexM3\ARM_GCC_541\Debug\data_storage.o .\CortexM3\ARM_GCC_541\Debug\uart_helper_fcns.o .\CortexM3\ARM_GCC_541\Debug\HolaMundo.o .\CortexM3\ARM_GCC_541\Debug\cyfitter_cfg.o .\CortexM3\ARM_GCC_541\Debug\cymetadata.o .\CortexM3\ARM_GCC_541\Debug\Cm3Start.o .\CortexM3\ARM_GCC_541\Debug\ResearchDesign.a "C:\Program Files (x86)\Cypress\PSoC Creator\4.3\PSoC Creator\psoc\content\cycomponentlibrary\CyComponentLibrary.cylib\CortexM3\ARM_GCC_541\Debug\CyComponentLibrary.a" -mcpu=cortex-m3 -mthumb -l m -L Generated_Source\PSoC5 -Wl,-Map,.\CortexM3\ARM_GCC_541\Debug/ResearchDesign.map -T Generated_Source\PSoC5\cm3gcc.ld -u _printf_float -Wl,--gc-sections -g -ffunction-sections -Og -ffat-lto-objects -Wl,--end-group
cyelftool.exe -C C:\Users\Any\Documents\GitHub\Fonseca.Camarena.Jonathan.8-A\Dinamica.de.Robots\Proyecto\PsocRos\psoc\ResearchDesign.cydsn\CortexM3\ARM_GCC_541\Debug\ResearchDesign.elf --flash_row_size 256 --flash_size 262144 --flash_offset 0x00000000
No ELF section .cychecksum found, creating one
Application checksum calculated and stored in ELF section .cychecksum
Checksum calculated and stored in ELF section .cymeta
cyelftool.exe -S C:\Users\Any\Documents\GitHub\Fonseca.Camarena.Jonathan.8-A\Dinamica.de.Robots\Proyecto\PsocRos\psoc\ResearchDesign.cydsn\CortexM3\ARM_GCC_541\Debug\ResearchDesign.elf
Flash used: 37540 of 262144 bytes (14.3 %).
SRAM used: 8897 of 65536 bytes (13.6 %). Stack: 2048 bytes. Heap: 4096 bytes.
--------------- Build Succeeded: 03/25/2020 00:44:50 ---------------
